2006441
2005791
216938
660010
660130
1118314
1275822
1343832
1828741
662172
1360782
1820332
1927051
1496152
1983382
1808781
1977312
1700632
1829051
1567401
2016512
2092072
2112761
2119422
596501
1897482
2177061
2156011
2170321
1825161
1383152
1941401
1496243
2121741
1375021
2292161
1312081
2216261
3537790
3538020
3538030
3538120
3537180
3537210
3537520
3537560
3537610
3536780
3536800
3536810
3536900
3536960
3536980
3536230
3536330
3536340
3536370
3536420
3536560
3536620
3535710
3535740
3535790
3535850
3535920
3535180
3535260
3535440
3535520
3535620
3535630
3535650
3534740
3534930
3535070
3534180
3534250
3534280
3534290
3534540
3534550
3534590
3533680
3533700
3533930
3533940
3533200
3533420
3533610
3532670
3532700
3532740
3532750
3532760
3532770
3532850
3532950
3533120
3533140
3532440
3532450
3532520
3532540
3531740
3531910
3532130
3531290
3530810
3530850
3530910
3530930
3531140
3530210
3530250
3530260
3530390
3530420
3530610
3529710
3529810
3529880
3529940
3529980
3530030
3530040
3530140
3529280
3529290
3529340
3529350
3529360
3529510
3529540
3529570
3528660
3528680
3528790
3528800
3529120
3528240
3528250
3528310
3528410
3527970
3528010
3528050
3527200
3527410
3527440
3526630
3526650
3527050
3527060
3526110
3526240
3526310
3526320
3526410
3526490
3526530
3525660
3525700
3525900
3525910
3525920
3525960
3525180
3525220
3525230
3525280
3525410
3525480
3525550
3524630
3525100
3523710
3523720
3523740
3523790
3523900
3523910
3523110
3523230
3523320
3523340
3523360
3523380
3523460
3522610
3522850
3522900
3522970
3522250
3522460
3522500
3522570
3522580
3521690
3521700
3521780
3521790
3521820
3521940
3522080
3521350
3521420
3521530
3521550
3520780
3520810
3520880
3520920
3520950
3520960
3521000
3521090
3520100
3520130
3520140
3520160
3520440
3520470
3520510
3520530
3519600
3519750
3519860
3519100
3519150
3519320
3519490
3518880
3518910
3518930
3518950
3518150
3518250
3518430
3518450
3517810
3517900
3517940
3518020
3517320
3517390
3517500
3517540
3516680
3516750
3516910
3517020
3516380
3516410
3516480
3516550
3515700
3515750
3516020
3516030
3516040
3516050
3516060
3516070
3516080
3515170
3515220
3514640
3514810
3514960
3515020
3514200
3513620
3513960
3513450
3513460
3512710
3512850
3512980
3513010
3512130
3512220
3512320
3512330
3512340
3512350
3512440
3512540
3512560
3511790
3511800
3511840
3511140
3511150
3511240
3511280
3511290
3511480
3510790
3510800
3510810
3510900
3510950
3510040
3510110
3510120
3510140
3510210
3510410
3510440
3509570
3509030
3509490
3508610
3508660
3508710
3508810
3508870
3508160
3508350
3508370
3508420
3507570
3507610
3507620
3507640
3507720
3507730
3507740
3507750
3508020
3507040
3507190
3507260
3506620
3506660
3506670
3506760
3506040
3506120
3506170
3506290
3506410
3506480
3505610
3505720
3505470
3505480
3504550
3504590
3504620
3504630
3504910
3504920
3505010
3504040
3504060
3504070
3504090
3504220
3504300
3503560
3503600
3503620
3503630
3503640
3503650
3503660
3503730
3503750
3503800
3503840
3504000
3503240
3503410
3503420
3503450
3502570
3502710
3502740
3502890
3502950
3503000
3502050
3502080
3502140
3502280
3502330
3502360
3502440
3502490
3501920
3501930
3501970
3501500
3500560
3500570
3500730
3500780
3500820
3500000
3500040
3500280
3500360
3500500
3499490
3499680
3499730
3499740
3498970
3499120
3499140
3499240
3499360
3499370
3498420
3498630
3498770
3497980
3498040
3498080
3498160
3498200
3498350
3498370
3497450
3497650
3497700
3497720
3497750
3497000
3497070
3496420
3496550
3496580
3496600
3496610
3496630
3496800
3495890
3495920
3495930
3495940
3495950
3495960
3496020
3496030
3496040
3496050
3496060
3496120
3496130
3495440
3495450
3495510
3495530
3495760
3495770
3495780
3494890
3494900
3495190
3495200
3494410
3494550
3494590
3494650
3494690
3494700
3494710
3494720
3494730
3494740
3494750
3494760
3494770
3494800
3494810
3494830
3494850
3494860
3494870
3494880
3494110
3494170
3494240
3494380
3493420
3493440
3493570
3493710
3493800
3492900
3492970
3493040
3493060
3493120
3493130
3492390
3492410
3492570
3492000
3492010
3492080
3492180
3492190
3492210
3492240
3492310
3492340
3491480
3491500
3491620
3491630
3491000
3491020
3491040
3491050
3491060
3491170
3491320
3490410
3490490
3490520
3490590
3490630
3490850
3490870
3489950
3490010
3490070
3490100
3490110
3490150
3490160
3490200
3490260
3490380
3489390
3489570
3489690
3489730
3489740
3489840
3489850
3489870
3488960
3489160
3489180
3489190
3489200
3488510
3488860
3487900
3487970
3487980
3487990
3488010
3488040
3488060
3488140
3488180
3488220
3488270
3488280
3487440
3487580
3487610
3487710
3487750
3486960
3487080
3487110
3487140
3487190
3487200
3487220
3487290
3487300
3486410
3486510
3486570
3486640
3486690
3486800
3485930
3486010
3486060
3485370
3485500
3485530
3485600
3485840
3484880
3484900
3484970
3485340
3484580
3484700
3484720
3484150
3483380
3483760
3482880
3482900
3482910
3482680
3482800
3481960
3482020
3482120
3482140
3482180
3482210
3482250
3482280
3482300
3481350
3481420
3481430
3481440
3481460
3481590
3481600
3481750
3481770
3481820
3480440
3480560
3480680
3480820
3479920
3479380
3479410
3479430
3479440
3479450
3479470
3479480
3479500
3479510
3479520
3479530
3479560
3479570
3479740
3478890
3478910
3478980
3479010
3479020
3479040
3479130
3479200
3479230
3478330
3478340
3478350
3478360
3478410
3478510
3478520
3478610
3478730
3478100
3477640
3477700
3477780
3476830
3477040
3477250
3476450
3476530
3475890
3475920
3475460
3475500
3475560
3475630
3474880
3474990
3475160
3474430
3474550
3474560
3474580
3474690
3474730
3474810
3473860
3473880
3473940
3474030
3474270
3473420
3473490
3473590
3473600
3473730
3473740
3472900
3472940
3472990
3473180
3473190
3472500
3472780
3472790
3472800
3471840
3471880
3471970
3472020
3472120
3472130
3472210
3471480
3471490
3471500
3471510
3471520
3471530
3471540
3471550
3471560
3471570
3471660
3471700
3471710
3470910
3471010
3471080
3471150
3471160
3471170
3471190
3470410
3470470
3470740
3470750
3470810
3469830
3469970
3469980
3470060
3470200
3469360
3469580
3469710
3469720
3469780
3469060
3469080
3469250
3468370
3468380
3468410
3468470
3468540
3468610
3468680
3467870
3467930
3467960
3467970
3467980
3467990
3468010
3468050
3468070
3468080
3468150
3468240
3468320
3467420
3467670
3467780
3466910
3466920
3466350
3466380
3466400
3466590
3466620
3466650
3466730
3466770
3466780
3465880
3465910
3465990
3466010
3466070
3466140
3466160
3465380
3465420
3465550
3465560
3465580
3465590
3465600
3465610
3465620
3465670
3465720
3465730
3465750
3465770
3464980
3465020
3465030
3465100
3464410
3464590
3463860
3463920
3463970
3463980
3464030
3464090
3464130
3464200
3464220
3464240
3464270
3464300
3464310
3463370
3463380
3463480
3463670
3463760
3462850
3463160
3463300
3463310
3462350
3462380
3462390
3462420
3462430
3462450
3462460
3462470
3462520
3462540
3462740
3462750
3462760
3461900
3462050
3462060
3462140
3462250
3462270
3462280
3461370
3461660
3461700
3461710
3461720
3460850
3461000
3461010
3461070
3461170
3460410
3460550
3460580
3460640
3460720
3460090
3460130
3460240
3459410
3459440
3459550
3458990
3459110
3459220
3459270
3459300
3458370
3458440
3458450
3458480
3458560
3458590
3458660
3458670
3458680
3458730
3458740
3458790
3457840
3458000
3458040
3458130
3458160
3458170
3457610
3457620
3457680
3457760
3457810
3457060
3457090
3457130
3457180
3457300
3456430
3456510
3456540
3456630
3456670
3456680
3456740
3456750
3456080
3456130
3456140
3456150
3456180
3456280
3456290
3455460
3454900
3454990
3455020
3455060
3455100
3455180
3455210
3455250
3455260
3455310
3454330
3454370
3454390
3454600
3453940
3454100
3454290
3453350
3453380
3453410
3453630
3453640
3453730
3453800
3452890
3452920
3452970
3453030
3453080
3453090
3453170
3453190
3453200
3453230
3452330
3452550
3452560
3452570
3451840
3452120
3452200
3451390
3451420
3451450
3451710
3450840
3450330
3450350
3450380
3450550
3450640
3450670
3449890
3449970
3449990
3450050
3450060
3450070
3450080
3450110
3450200
3450230
3450250
3449320
3449330
3449800
3448950
3448960
3449080
3449170
3449180
3449240
3449250
3449260
3449270
3449280
3449290
3449300
3449310
3448370
3448480
3448640
3448710
3447320
3447450
3447470
3447500
3447520
3447750
3447770
3447810
3446890
3447130
3446320
3446440
3446580
3446590
3446600
3446620
3446650
3446720
3445900
3445910
3445920
3445930
3445950
3445350
3445750
3445790
3445810
3444910
3445010
3444320
3444330
3444340
3444550
3444730
3443950
3443980
3444250
3444270
3444280
3444290
3444300
3444310
3443340
3443600
3443690
3443730
3443780
3442850
3442860
3442870
3442920
3443070
3443090
3443210
3442330
3442480
3442490
3442500
3442510
3442520
3442530
3442540
3442550
3442560
3442570
3442640
3442670
3442690
3441840
3441850
3441860
3441870
3441880
3441950
3441960
3442060
3442100
3442120
3442210
3441480
3441560
3441050
3441070
3441080
3441090
3441110
3441250
3441260
3441270
3441290
3440420
3440690
3439880
3439930
3440110
3439370
3439400
3439550
3439560
3439770
3439070
3439110
3439180
3439200
3439230
3439270
3438390
3438590
3437920
3437980
3438010
3438260
3438270
3437480
3437640
3437740
3437750
3437760
3437770
3436850
3437080
3437240
3436510
3435740
3435760
3435770
3434860
3435150
3435200
3434320
3434650
3433890
3434230
3434290
3433490
3433710
3433790
3433120
3433300
3432340
3431890
3431940
3432040
3432300
3431320
3431390
3431510
3431550
3431660
3431670
3431740
3430900
3430970
3430980
3431070
3431150
3431250
3431290
3430370
3430500
3429900
3430120
3429390
3429440
3429470
3429600
3429700
3429790
3428970
3429030
3429100
3428340
3428390
3428400
3428670
3427960
3428030
3428200
3428230
3427630
3427680
3427720
3427770
3426820
3426900
3427230
3427240
3427280
3426350
3426380
3426390
3426520
3426560
3426580
3426630
3425840
3425940
3426100
3425520
3425590
3424950
3424960
3425000
3425010
3425020
3425030
3425080
3425160
3425250
3425300
3424350
3424390
3424440
3424590
3424640
3423970
3424060
3423350
3423460
3423570
3423600
3422810
3422870
3422890
3422920
3423020
3423040
3423260
3423290
3423300
3422360
3422370
3422470
3422720
3421870
3422010
3422070
3422080
3422110
3422280
3422300
3421380
3421390
3421440
3421450
3421600
3421730
3421790
3420930
3421020
3421270
3421290
3420350
3420370
3420470
3420500
3419840
3420170
3420240
3419300
3419340
3419410
3419420
3419500
3419570
3419030
3419040
3419060
3419150
3419230
3418740
3418750
3418760
3418790
3417910
3418010
3418060
3418070
3418110
3418120
3417300
3417610
3417620
3417710
3417720
3417730
3417740
3417750
3417770
3416820
3416830
3416840
3416860
3416870
3416880
3416900
3416910
3416920
3416930
3416940
3416950
3416980
3417290
3416610
3415850
3415930
3416170
3416190
3416210
3415420
3415470
3415710
3414880
3415070
3415120
3414310
3414380
3414420
3414510
3414610
3414710
3414740
3413920
3413960
3413970
3414000
3414070
3414080
3414270
3414280
3413290
3413450
3413530
3413570
3413620
3413640
3413690
3413700
3412810
3412930
3412940
3412950
3412960
3413050
3413120
3413180
3413280
3412410
3412420
3412430
3412440
3412450
3412460
3412470
3412500
3412510
3412570
3412750
3412020
3412180
3412190
3411480
3411650
3410780
3410790
3410800
3410810
3410820
3410830
3410950
3410960
3410970
3410990
3411040
3411090
3411110
3410280
3410300
3410350
3410430
3410550
3410590
3410650
3410700
3410710
3410720
3410730
3410760
3410770
3409810
3409850
3409860
3409900
3409910
3409920
3409930
3409970
3410070
3410130
3410160
3410230
3409320
3409400
3409410
3409450
3409480
3409550
3409610
3409690
3408780
3409020
3409030
3409040
3409050
3409060
3409070
3409080
3409090
3409100
3409110
3409120
3409130
3409140
3409150
3409160
3409170
3409180
3409190
3409200
3409210
3409220
3409230
3409240
3408730
3407780
3407800
3407840
3407850
3407860
3407930
3407940
3408040
3408050
3408270
3407290
3407350
3407400
3407440
3407610
3407720
3407730
3406900
3407030
3407060
3407090
3407120
3407160
3407220
3406280
3406340
3406370
3406390
3406440
3406490
3406510
3406650
3405870
3405890
3405920
3406080
3405300
3405500
3404760
3404920
3404930
3404970
3405240
3404310
3404420
3404450
3404490
3404560
3404570
3404580
3404650
3404660
3404720
3404730
3404740
3403800
3404080
3403320
3403340
3403350
3403410
3403710
3402870
3402890
3402900
3402910
3402920
3402960
3403070
3402350
3402400
3402450
3402460
3402520
3402570
3402590
3402650
3402000
3402070
3402080
3402090
3402100
3402130
3402210
3401360
3401440
3401520
3401540
3401560
3400600
3400730
3400750
3400760
3400880
3400950
3400970
3400390
3400400
3400410
3399190
3399210
3399340
3399350
3399450
3398640
3398650
3398660
3398680
3398800
3398840
3398930
3399010
3398170
3398190
3398300
3398310
3398320
3398360
3398420
3397630
3397650
3397760
3397890
3398000
3398030
3398040
3397220
3397330
3397370
3396610
3396390
3395650
3395770
3395940
3395980
3395120
3395480
3394880
3394950
3394960
3394970
3394140
3394270
3394280
3394310
3394360
3394410
3386740
3386750
3386760
3386770
3386790
3386820
3386840
3386850
3386860
3386870
3386920
3386950
3386980
3386130
3386320
3386400
3386490
3386510
3386540
3386020
3385070
3385080
3385090
3385220
3385510
3385540
3384630
3384660
3384850
3384080
3384290
3384300
3384470
3384500
3384510
3383800
3383950
3383960
3383990
3383060
3383300
3383310
3383400
3383480
3383500
3383000
3382050
3382190
3382230
3382330
3381690
3381700
3381900
3381110
3381440
3380550
3380560
3380720
3380750
3380870
3380970
3381000
3380050
3380060
3380190
3380200
3380210
3380220
3380230
3380240
3380250
3380260
3380270
3380280
3380290
3380300
3380510
3379730
3379760
3379790
3379910
3379970
3379980
3379990
3380000
3380010
3379050
3379070
3379160
3379320
3379340
3379430
3378570
3378620
3378940
3379020
3378430
3378440
3378450
3378470
3378480
3378490
3378500
3378510
3378520
3377700
3377730
3377810
3377880
3377980
3378040
3377190
3377260
3377280
3376750
3376810
3376940
3376170
3376220
3376360
3376370
3376380
3376390
3376400
3376420
3375570
3375680
3375690
3375760
3375960
3375050
3375130
3375150
3375160
3375170
3375180
3375280
3375290
3375440
3375540
3374740
3374800
3374870
3374960
3375000
3375010
3375040
3374080
3374120
3374240
3374250
3374490
3373640
3373870
3373880
3373890
3373930
3373940
3374030
3585130
3584540
3584050
3584080
3582840
3583230
3582700
3580790
3580800
3580810
3580820
3580830
3580850
3580860
3580870
3580880
3580900
3580910
3580920
3580930
3580940
3580950
3580960
3580970
3580980
3580990
3581000
3581010
3581020
3580420
3580550
3580560
3580570
3580660
3580670
3580680
3580690
3580700
3580710
3580720
3580730
3580740
3580750
3580770
3579530
3579690
3579120
3579270
3578690
3578270
3576480
3576160
3575200
3574380
3572790
3573090
3573230
3572240
3572250
3572260
3572270
3572280
3572290
3572300
3572450
3572460
3572470
3572480
3572490
3572500
3572510
3572520
3571860
3571880
3571960
3572210
3572220
3572230
3571250
3571260
3571270
3571280
3571720
3570860
3570970
3570980
3570990
3571090
3571100
3570310
3570410
3570730
3568950
3568970
3569090
3569160
3569170
3569180
3569190
3569200
3569210
3569220
3569230
3568320
3567850
3568120
3568180
3567240
3567370
3567470
3567670
3566960
3566530
3566550
3551710
3551720
3551730
3551740
3551830
3551900
3551910
3551990
3551220
3551240
3551380
3551430
3551440
3551660
3551670
3550680
3550690
3550720
3550760
3550830
3550990
3551120
3550630
3549710
3549830
3549840
3549940
3550000
3550010
3550160
3549290
3549380
3549480
3549520
3549530
3549540
3549670
3548900
3549040
3549050
3549070
3549080
3549090
3549170
3548240
3547680
3547710
3547840
3548030
3548120
3547220
3547280
3547290
3547340
3547390
3547460
3547540
3547650
3546780
3546800
3546940
3547000
3546350
3546390
3546530
3546560
3545700
3545910
3546030
3546100
3545270
3545280
3545300
3545320
3545330
3545340
3545550
3545650
3545660
3544850
3544940
3545000
3545090
3545100
3545120
3544630
3543930
3544070
3543200
3543270
3543280
3543380
3543430
3543610
3542680
3542800
3542810
3542840
3543010
3543090
3542180
3542190
3542200
3542210
3542250
3542340
3542430
3542620
3541960
3541970
3541980
3541990
3542020
3542030
3542040
3542050
3542060
3542080
3542090
3542100
3542120
3542130
3542140
3542150
3542160
3541170
3541200
3541220
3541370
3541640
3540850
3540860
3540890
3541060
3541150
3540200
3540220
3540290
3540420
3540480
3539670
3539720
3539730
3539860
3540010
3540140
3539190
3539400
3539450
3539490
3539510
3539550
3539560
3539660
3538710
3538790
3538940
3539040
3538300
3538310
3538530
3538540
3538580
3538590
2702770
2702890
2702160
2702210
2702460
2701530
2701600
2701760
2701850
2701860
2701940
2701040
2701090
2701130
2701470
2700610
2700670
2700800
2700840
2700850
2701000
2700130
2700180
2700270
2700340
2700400
2699700
2699720
2699860
2698980
2699070
2699370
2699400
2698480
2698530
2698570
2697960
2697980
2698000
2698120
2698210
2698370
2697550
2697630
2697660
2697740
2697750
2697770
2697780
2697790
2697800
2697840
2697850
2697860
2697870
2697880
2697910
2697950
204800
204802
204803
204820
204840
204851
204900
204901
204902
204920
204940
205020
205063
205073
205083
205093
205120
205140
205150
205160
205170
205180
205215
205216
205252
205272
204350
204371
204372
204380
204381
204382
204383
204384
204385
204386
204387
204388
204390
204410
204419
204420
204440
204470
204482
204483
204510
204560
204610
204650
204680
204731
204732
204733
204734
204140
204180
204182
204185
204220
204260
204280
204281
204282
204283
204284
204285
204286
204287
204288
204289
204290
204292
204303
204304
204305
204306
204307
204308
204309
204310
204311
204312
204313
204314
204315
204317
204318
204319
203699
203700
203701
203702
203730
203733
203765
203766
203772
203773
203774
203775
203776
203777
203778
203813
203850
203871
203872
203873
203874
203875
203876
203877
203879
203881
203970
204010
204050
204075
204080
204085
204086
203190
203230
203250
203290
203300
203340
203341
203342
203343
203344
203345
203353
203510
203530
203560
203600
203630
203670
202480
202485
202520
202521
202522
202523
202524
202550
202610
202650
202651
202652
202690
202880
202920
202931
202941
202950
202951
202960
202961
202990
203050
203060
202040
202070
202090
202092
202093
202094
202095
202110
202113
202130
202181
202190
202191
202192
202193
202195
202197
202198
202199
202220
202230
202240
202270
202290
202310
202351
202352
202370
202390
202410
202412
202450
202452
202454
201802
201803
201804
201805
201809
201830
201870
201877
201878
201879
201890
201930
201951
201952
201953
201954
201955
201956
201957
201958
201959
201960
201961
201962
201963
201964
201965
201966
201969
201970
201971
201972
201973
202010
202020
202030
201274
201275
201276
201277
201278
201279
201280
201420
201430
201480
201600
201680
201700
201720
201760
201801
200730
200731
200732
200733
200734
200735
200770
200780
200790
200800
200810
200820
200830
200840
200850
200860
200870
200880
200890
200891
201020
201040
201060
201070
201090
201100
201120
201170
201190
201272
201273
200183
200185
200186
200187
200188
200189
200240
200300
200310
200320
200321
200322
200323
200330
200340
200350
200396
200397
200400
200410
200440
200496
200519
200530
200570
200590
200600
200610
200620
200630
200650
115308
115309
115320
116120
200000
200001
200002
200020
200030
200050
200060
200130
200172
200173
200174
200175
200176
200177
200178
200179
200180
200181
200182
111010
111020
111030
111300
111400
111402
111403
111610
111710
111900
111910
111911
111912
111913
111914
111915
111916
113203
113204
113205
113402
113403
113404
113405
113900
107702
107900
108100
108500
108700
108727
109200
109400
109410
109500
109700
109702
109720
110400
110500
110520
110600
110610
110630
111000
104200
104300
104310
104600
104700
104800
105100
105200
105300
105310
105400
105410
105411
105412
105413
105414
105415
105430
105610
105700
105710
105802
106000
106020
106021
107000
107010
107011
107104
107110
107300
107400
107430
107600
107610
101002
101003
101005
101006
101008
102000
102001
102002
102003
102020
102028
102029
102030
102031
102032
102033
102034
102035
102200
102210
102220
102400
102410
102610
102620
102621
102622
102623
102624
102700
102800
102810
102822
102830
102842
104010
100400
100410
100970
100973
101000
101001
99508
99509
99610
99611
99612
99613
99614
99809
99810
99839
99841
99842
99843
99845
99846
99850
99870
99890
99895
99896
99909
99910
99920
99930
98005
98006
98007
98009
98011
98012
98014
98015
98200
98203
98204
98205
98210
98211
98212
98213
98214
98220
98300
98510
98600
98610
98810
98820
98821
98822
99100
99110
99310
99400
99410
97340
98001
98002
98003
98004
95510
95700
95900
96010
96100
96200
96300
96308
96419
96800
96810
96819
96831
97010
97110
97120
97130
92500
92502
92503
92504
92505
92506
92507
92508
92600
92621
92622
92700
92803
92810
92900
93206
93207
93305
94000
94200
94202
94203
94205
94303
94304
94500
94510
94520
94530
95310
95500
95502
91345
91346
91602
91603
91604
91605
91606
91607
91608
91609
91610
91612
91613
91614
91615
91616
91617
91618
91619
91621
91622
91623
91624
91720
91800
91810
91820
91830
91900
91920
91930
92000
92100
92200
92210
92220
92230
92240
92250
92300
92302
92303
92310
92400
82165
82166
82167
82168
82169
82170
82171
82172
82173
82174
82175
82176
82177
82178
82179
82180
82181
82182
90100
90110
90207
90208
90209
90210
90400
90410
90500
90503
90504
90520
90530
90800
90810
90900
91104
91106
91110
91210
91310
91330
91333
91342
82091
82092
82093
82094
82095
82096
82097
82098
82100
82101
82102
82103
82121
82122
82123
82125
82128
82129
82130
82131
82132
82133
82134
82135
82136
82137
82138
82139
82140
82141
82142
82143
82144
82147
82148
82149
82151
82152
82153
82154
82155
82156
82157
82158
82159
82160
82161
82162
82163
82164
82039
82040
82041
82042
82043
82044
82045
82047
82048
82049
82050
82051
82052
82053
82055
82056
82057
82058
82059
82060
82061
82062
82063
82064
82065
82066
82067
82068
82069
82070
82071
82072
82073
82074
82075
82076
82077
82078
82079
82080
82081
82082
82083
82084
82085
82086
82087
82088
82089
82090
81983
81984
81985
81986
81987
81988
81989
81990
81991
81992
81993
81994
81996
81997
81998
81999
82000
82001
82002
82006
82007
82008
82009
82010
82011
82012
82013
82014
82015
82016
82017
82018
82019
82020
82021
82022
82024
82025
82026
82027
82028
82029
82030
82031
82032
82033
82035
82036
82037
82038
81932
81933
81935
81936
81937
81938
81939
81940
81941
81942
81943
81944
81945
81946
81947
81948
81949
81950
81951
81952
81953
81954
81955
81956
81957
81958
81959
81960
81961
81962
81963
81964
81965
81966
81967
81968
81969
81970
81971
81972
81973
81974
81975
81976
81977
81978
81979
81980
81981
81982
81882
81883
81884
81885
81886
81887
81888
81889
81890
81891
81892
81893
81894
81895
81896
81897
81898
81899
81900
81901
81902
81903
81904
81905
81906
81907
81908
81909
81910
81911
81912
81913
81914
81915
81916
81917
81918
81919
81920
81921
81922
81923
81924
81925
81926
81927
81928
81929
81930
81931
81832
81833
81834
81835
81836
81837
81838
81839
81840
81841
81842
81843
81844
81845
81846
81865
81866
81867
81868
81869
81870
81871
81872
81873
81874
81875
81876
81877
81878
81879
81880
81881
81781
81782
81783
81784
81785
81786
81787
81788
81789
81790
81791
81792
81793
81794
81795
81796
81797
81798
81799
81800
81801
81802
81803
81804
81805
81806
81807
81808
81809
81810
81811
81812
81813
81814
81815
81816
81817
81818
81819
81820
81821
81822
81823
81826
81827
81828
81829
81830
81831
81726
81727
81728
81729
81730
81731
81732
81733
81734
81735
81738
81739
81740
81742
81743
81744
81745
81746
81747
81748
81749
81750
81751
81753
81754
81755
81756
81757
81758
81759
81760
81761
81762
81763
81764
81765
81766
81767
81769
81770
81771
81772
81773
81774
81775
81776
81777
81778
81779
81780
81670
81671
81672
81673
81674
81675
81676
81677
81678
81680
81681
81682
81683
81685
81686
81687
81688
81689
81690
81691
81692
81693
81694
81696
81697
81698
81699
81701
81702
81704
81706
81707
81708
81709
81710
81711
81712
81713
81714
81715
81716
81717
81718
81719
81720
81721
81722
81723
81724
81725
81613
81614
81615
81616
81617
81618
81619
81620
81621
81622
81623
81625
81626
81627
81628
81629
81630
81631
81632
81633
81634
81635
81636
81637
81638
81639
81640
81641
81642
81643
81644
81645
81646
81647
81648
81649
81650
81651
81655
81658
81660
81661
81662
81663
81664
81665
81666
81667
81668
81669
81558
81559
81561
81562
81563
81564
81565
81567
81568
81569
81571
81573
81574
81575
81576
81577
81578
81579
81580
81581
81582
81583
81584
81585
81586
81587
81588
81589
81590
81592
81593
81594
81595
81596
81597
81598
81599
81600
81601
81602
81603
81604
81605
81606
81607
81608
81609
81610
81611
81612
81507
81508
81509
81510
81511
81512
81513
81514
81515
81516
81517
81518
81519
81520
81521
81522
81523
81524
81525
81526
81527
81528
81529
81530
81531
81532
81533
81534
81535
81536
81537
81538
81539
81540
81541
81542
81544
81545
81546
81547
81548
81549
81550
81551
81552
81553
81554
81555
81556
81557
81456
81458
81459
81460
81461
81462
81463
81464
81465
81466
81467
81468
81469
81470
81471
81472
81473
81474
81475
81476
81477
81478
81479
81480
81481
81482
81483
81484
81485
81486
81487
81488
81489
81490
81491
81492
81493
81494
81495
81496
81497
81498
81499
81500
81501
81502
81503
81504
81505
81506
81405
81406
81407
81408
81409
81410
81411
81413
81414
81415
81416
81417
81418
81419
81420
81421
81422
81423
81424
81425
81426
81427
81428
81429
81430
81431
81432
81433
81434
81435
81436
81437
81438
81439
81440
81441
81442
81443
81444
81445
81446
81447
81448
81449
81450
81451
81452
81453
81454
81455
81354
81355
81356
81357
81358
81359
81360
81361
81362
81363
81364
81365
81366
81367
81368
81369
81370
81371
81372
81373
81374
81375
81376
81377
81378
81379
81380
81381
81382
81383
81384
81385
81386
81387
81388
81389
81390
81391
81392
81393
81395
81396
81397
81398
81399
81400
81401
81402
81403
81404
81304
81305
81306
81307
81308
81309
81310
81311
81312
81313
81314
81315
81316
81317
81318
81319
81320
81321
81322
81323
81324
81325
81326
81327
81328
81329
81330
81331
81332
81333
81334
81335
81336
81337
81338
81339
81341
81342
81343
81344
81345
81346
81347
81348
81349
81350
81351
81352
81353
81252
81253
81254
81255
81256
81257
81258
81259
81260
81261
81262
81263
81264
81265
81266
81267
81268
81269
81270
81271
81272
81273
81274
81276
81278
81279
81280
81281
81282
81283
81284
81285
81286
81287
81288
81289
81290
81291
81292
81293
81294
81295
81296
81297
81298
81299
81300
81301
81302
81303
81200
81201
81202
81204
81205
81206
81207
81208
81209
81210
81211
81212
81213
81214
81215
81216
81217
81219
81220
81221
81222
81223
81224
81225
81226
81227
81228
81229
81230
81231
81232
81233
81234
81235
81236
81237
81238
81239
81240
81241
81242
81243
81244
81245
81246
81247
81248
81249
81250
81251
81149
81150
81151
81152
81153
81154
81155
81156
81157
81158
81159
81160
81161
81162
81163
81164
81165
81166
81167
81168
81169
81170
81171
81172
81173
81174
81175
81176
81177
81178
81179
81180
81181
81182
81183
81184
81185
81186
81187
81188
81189
81190
81191
81192
81193
81195
81196
81197
81198
81199
81094
81096
81097
81098
81099
81100
81101
81102
81103
81104
81105
81106
81107
81110
81111
81112
81113
81114
81115
81116
81117
81118
81119
81120
81121
81122
81123
81124
81125
81126
81127
81128
81129
81130
81131
81132
81133
81134
81135
81136
81137
81138
81139
81140
81141
81142
81143
81144
81146
81148
81042
81043
81044
81045
81046
81047
81048
81049
81050
81051
81052
81053
81054
81055
81056
81057
81058
81059
81060
81061
81062
81063
81064
81065
81066
81067
81068
81069
81070
81071
81072
81073
81074
81075
81076
81077
81078
81079
81080
81081
81082
81083
81084
81085
81086
81087
81090
81091
81092
81093
80992
80993
80994
80995
80996
80997
80998
80999
81000
81001
81002
81003
81004
81005
81006
81007
81008
81009
81010
81011
81012
81013
81014
81015
81016
81017
81018
81019
81020
81021
81022
81023
81024
81025
81026
81027
81028
81029
81030
81031
81032
81033
81034
81035
81036
81037
81038
81039
81040
81041
80942
80943
80944
80945
80946
80947
80948
80949
80950
80951
80952
80953
80954
80955
80956
80957
80958
80959
80960
80961
80962
80963
80964
80965
80966
80967
80968
80969
80970
80971
80972
80973
80974
80891
80892
80893
80894
80895
80896
80897
80898
80900
80901
80902
80903
80904
80905
80906
80907
80908
80909
80910
80911
80912
80913
80914
80915
80916
80917
80918
80919
80920
80921
80922
80923
80924
80925
80926
80927
80928
80929
80930
80931
80932
80844
80849
80850
80851
80852
80853
80854
80855
80856
80857
80858
80859
80860
80861
80862
80863
80864
80865
80866
80867
80868
80869
80870
80871
80872
80873
80874
80875
80876
80877
80878
80879
80880
80881
80882
80883
80884
80885
80886
80887
80888
80889
80784
80785
80786
80787
80788
80790
80791
80792
80793
80794
80795
80796
80797
80798
80799
80800
80801
80802
80803
80804
80805
80806
80807
80808
80809
80810
80811
80812
80813
80814
80815
80816
80817
80819
80820
80821
80822
80823
80824
80825
80826
80827
80828
80829
80830
80831
80746
80747
80748
80749
80750
80751
80752
80753
80754
80755
80756
80757
80758
80759
80760
80761
80762
80763
80764
80765
80766
80767
80768
80769
80770
80771
80773
80774
80775
80776
80777
80778
80779
80780
80781
80782
80783
80668
80669
80670
80671
80672
80673
80674
80675
80676
80677
80679
80680
80681
80682
80683
80684
80685
80686
80687
80688
80689
80690
80691
80692
80694
80696
80697
80698
80699
80700
80702
80703
80704
80705
80706
80707
80708
80709
80710
80720
80721
80722
80723
80724
80725
80726
80727
80728
80729
80730
80614
80615
80616
80617
80618
80619
80620
80621
80622
80623
80624
80625
80626
80627
80628
80629
80630
80631
80632
80633
80634
80635
80636
80637
80638
80639
80640
80641
80642
80643
80644
80648
80650
80651
80652
80653
80654
80655
80656
80657
80658
80659
80660
80661
80662
80663
80664
80665
80666
80667
80562
80563
80564
80565
80566
80567
80568
80569
80570
80571
80572
80573
80574
80575
80576
80577
80578
80579
80580
80581
80582
80583
80584
80585
80586
80589
80590
80591
80592
80593
80594
80595
80596
80597
80598
80599
80600
80601
80602
80603
80604
80605
80606
80607
80608
80609
80610
80611
80612
80613
80512
80513
80514
80515
80516
80517
80518
80519
80520
80521
80522
80523
80524
80525
80526
80527
80528
80529
80530
80531
80532
80533
80534
80535
80536
80537
80538
80539
80540
80541
80542
80543
80544
80545
80546
80547
80548
80549
80550
80551
80552
80553
80554
80555
80556
80557
80558
80559
80560
80561
80455
80456
80457
80458
80459
80460
80461
80462
80463
80464
80465
80466
80467
80468
80469
80470
80471
80472
80473
80474
80475
80476
80477
80478
80485
80486
80487
80488
80489
80490
80491
80492
80493
80494
80495
80496
80497
80498
80500
80501
80502
80503
80504
80505
80506
80507
80508
80509
80510
80511
80405
80406
80407
80408
80409
80410
80411
80412
80413
80414
80415
80416
80417
80418
80419
80420
80421
80422
80423
80424
80425
80426
80427
80428
80429
80430
80431
80432
80433
80434
80435
80436
80437
80438
80439
80440
80441
80442
80443
80444
80445
80446
80447
80448
80449
80450
80451
80452
80453
80454
73120
73121
73179
73180
73181
73182
73183
73184
73185
73186
73187
73188
73192
73193
73194
73195
73230
78002
80000
80010
80020
80200
80202
80204
80205
80206
80207
80222
80300
80400
80401
80402
80403
80404
73013
73014
73016
73017
73018
73019
73020
73030
73031
73032
73033
73034
73035
73036
73037
73038
73039
73040
73041
73050
73054
73055
73056
73057
73058
73059
73060
73071
73088
73089
73091
73092
73093
73094
73095
73097
73098
73099
73108
73109
73110
73115
73118
73119
71300
71310
71320
71400
71410
71420
72300
72310
72410
72510
72520
72530
72701
72705
72709
72713
72730
72740
72750
72760
72770
72771
72772
72773
72774
72780
72840
72869
72900
72902
72903
72904
72905
72906
72910
73000
73012
70609
70610
70611
70615
70616
70617
70631
70900
70910
71275
71280
66002
67000
67010
67100
67210
67250
67310
67350
67379
67684
70000
70004
70010
70100
70110
70120
70130
70140
70310
70400
70410
70420
70430
70500
70510
70603
70604
70605
70606
70607
70608
65251
65252
65253
65254
65255
65256
65257
65258
65259
65260
65270
65300
65302
65410
65520
65700
65720
65733
65734
65735
65760
65770
65810
65811
65920
65950
65959
66000
66001
65090
65100
65110
65120
65210
65211
65212
65213
65214
65215
65216
65217
65218
65219
65221
65222
65223
65224
65225
65226
65227
65228
65229
65230
65232
65233
65234
65235
65236
65237
65238
65239
65240
65241
65242
65243
65244
65245
65246
65247
65248
65249
65250
63391
63392
63398
63399
63600
63800
63802
63803
63920
63930
63942
63950
63953
63958
63959
64002
64005
64008
64009
64013
64014
64015
64016
64017
64030
65070
60700
60800
60810
61000
61010
61100
61220
61230
61310
61520
61530
61600
61800
61810
61820
61830
62000
62109
63000
63003
63004
63005
63010
63110
63200
63209
63210
63211
63212
63213
63220
63230
58300
58310
58400
58410
58510
58529
58540
58550
58580
58600
58643
58645
58646
58648
60340
60350
60600
60602
60610
57419
57500
57505
57506
57510
57515
57516
57517
57518
57600
57610
57630
57655
57656
2017760
1650990
2516170
954880
1750980
1785560
